═══════════════════════════════════════════════════════════════════
         GrowAI-MAP 프리미엄 랜딩 페이지 구현 완료
═══════════════════════════════════════════════════════════════════

작업 완료 시간: $(date)

━━━━━━━━━━━━━━━━━━━━━━━━━━━━━━━━━━━━━━━━━━━━━━━━━━━━━━━━━━━━━━━
✅ 구현 완료 항목
━━━━━━━━━━━━━━━━━━━━━━━━━━━━━━━━━━━━━━━━━━━━━━━━━━━━━━━━━━━━━━━

1. React 컴포넌트 (LandingPage.tsx)
   - Hero Section (애니메이션 그리드 배경)
   - Stats Section (4가지 주요 통계)
   - Agony Section (제조 5대 고민 카드)
   - ROI Section (투자 수익 시각화)
   - CTA Section (행동 유도)
   - Footer

2. CSS 스타일링 (LandingPage.css)
   - 다크 모드 프리미엄 디자인
   - 그라데이션 텍스트 효과
   - 부드러운 애니메이션
     * fadeIn
     * slideUp
     * pulse
     * rotate
     * bounce
     * gradientShift
     * barGrow
   - 호버 효과 및 트랜지션
   - 글래스모피즘 효과
   - 반응형 디자인 (모바일 대응)

3. 디자인 컨셉
   - 색상: 다크 네이비 + 블루/퍼플 악센트
   - 타이포그래피: Inter 폰트 (Google Fonts)
   - 레이아웃: 현대적이고 세련된 그리드 시스템
   - 애니메이션: 생동감있고 역동적인 모션

━━━━━━━━━━━━━━━━━━━━━━━━━━━━━━━━━━━━━━━━━━━━━━━━━━━━━━━━━━━━━━━
📁 생성된 파일
━━━━━━━━━━━━━━━━━━━━━━━━━━━━━━━━━━━━━━━━━━━━━━━━━━━━━━━━━━━━━━━

✓ frontend/src/pages/LandingPage.tsx (7.5KB)
✓ frontend/src/pages/LandingPage.css (14KB)
✓ frontend/src/App.tsx (업데이트)
✓ frontend/index.html (업데이트, Google Fonts 추가)

━━━━━━━━━━━━━━━━━━━━━━━━━━━━━━━━━━━━━━━━━━━━━━━━━━━━━━━━━━━━━━━
🎨 주요 디자인 특징
━━━━━━━━━━━━━━━━━━━━━━━━━━━━━━━━━━━━━━━━━━━━━━━━━━━━━━━━━━━━━━━

1. Hero Section
   - 풀스크린 히어로 섹션
   - 애니메이션 그리드 배경
   - 그라데이션 타이틀
   - 스크롤 인디케이터 (마우스 애니메이션)

2. Stats Section
   - 4가지 주요 통계 카드
   - 호버 시 상승 효과
   - 그라데이션 숫자

3. Agony Section
   - 제조 5대 고민 카드
   - 각 카드별 고유 색상
   - 호버 시 확대 및 회전 효과
   - 솔루션 표시

4. ROI Section
   - 투자 대비 수익 차트
   - 애니메이션 바 그래프
   - 3가지 주요 기능 소개

5. CTA Section
   - 강력한 행동 유도 문구
   - 신뢰 표시 (체크마크)

━━━━━━━━━━━━━━━━━━━━━━━━━━━━━━━━━━━━━━━━━━━━━━━━━━━━━━━━━━━━━━━
🚀 실행 방법
━━━━━━━━━━━━━━━━━━━━━━━━━━━━━━━━━━━━━━━━━━━━━━━━━━━━━━━━━━━━━━━

Node.js 설치 후:

cd frontend
npm install
npm run dev

브라우저에서 http://localhost:5173 접속

━━━━━━━━━━━━━━━━━━━━━━━━━━━━━━━━━━━━━━━━━━━━━━━━━━━━━━━━━━━━━━━
✨ 디자인 키워드
━━━━━━━━━━━━━━━━━━━━━━━━━━━━━━━━━━━━━━━━━━━━━━━━━━━━━━━━━━━━━━━

✓ 품위있는 (Elegant)
  - 다크 네이비 배경
  - 세련된 타이포그래피
  - 절제된 색상 사용

✓ 교양있는 (Sophisticated)
  - 고급스러운 레이아웃
  - 전문적인 데이터 시각화
  - 명확한 정보 전달

✓ 역동적인 (Dynamic)
  - 부드러운 애니메이션
  - 인터랙티브한 호버 효과
  - 그라데이션 효과

✓ 생동감있는 (Vibrant)
  - 생생한 악센트 컬러
  - 움직이는 그리드 배경
  - 펄스 애니메이션

━━━━━━━━━━━━━━━━━━━━━━━━━━━━━━━━━━━━━━━━━━━━━━━━━━━━━━━━━━━━━━━
📱 반응형 디자인
━━━━━━━━━━━━━━━━━━━━━━━━━━━━━━━━━━━━━━━━━━━━━━━━━━━━━━━━━━━━━━━

✓ Desktop (1200px+): 3-4컬럼 레이아웃
✓ Tablet (768px~1199px): 2컬럼 레이아웃
✓ Mobile (~767px): 1컬럼 레이아웃

모든 섹션이 모바일 환경에 최적화되어 있습니다.

═══════════════════════════════════════════════════════════════════
                    구현 완료!
═══════════════════════════════════════════════════════════════════
